{
  "stats": {
    "suites": 1,
    "tests": 2,
    "passes": 1,
    "pending": 0,
    "failures": 1,
    "start": "2025-03-03T02:43:43.568Z",
    "end": "2025-03-03T02:43:54.486Z",
    "duration": 10918,
    "testsRegistered": 2,
    "passPercent": 50,
    "pendingPercent": 0,
    "other": 0,
    "hasOther": false,
    "skipped": 0,
    "hasSkipped": false
  },
  "results": [
    {
      "uuid": "8756d7af-3e3c-4e6e-8b5f-f8466a3f94db",
      "title": "",
      "fullFile": "cypress\\features\\LoginTest.feature",
      "file": "cypress\\features\\LoginTest.feature",
      "beforeHooks": [],
      "afterHooks": [],
      "tests": [],
      "suites": [
        {
          "uuid": "ba31a217-b509-4e48-85ea-657a90acafbe",
          "title": "I want to login into the site with valid data",
          "fullFile": "",
          "file": "",
          "beforeHooks": [],
          "afterHooks": [],
          "tests": [
            {
              "title": "Login in the app web",
              "fullTitle": "I want to login into the site with valid data Login in the app web",
              "timedOut": null,
              "duration": 3958,
              "state": "passed",
              "speed": "fast",
              "pass": true,
              "fail": false,
              "pending": false,
              "context": null,
              "code": "const state = window.testState;\nreturn cy\n  .then(() => state.onStartScenario(scenario, indexedSteps))\n  .then(() =>\n    resolveAndRunBeforeHooks.call(this, scenario.tags, state.feature.name)\n  )\n  .then(() =>\n    indexedSteps.forEach((step) =>\n      stepTest.call(this, state, step, rowData)\n    )\n  )\n  .then(() => state.onFinishScenario(scenario));",
              "err": {},
              "uuid": "84d641d4-643f-46b7-b368-c45548d580ca",
              "parentUUID": "ba31a217-b509-4e48-85ea-657a90acafbe",
              "isHook": false,
              "skipped": false
            },
            {
              "title": "User on the dash",
              "fullTitle": "I want to login into the site with valid data User on the dash",
              "timedOut": null,
              "duration": 6372,
              "state": "failed",
              "speed": null,
              "pass": false,
              "fail": true,
              "pending": false,
              "context": null,
              "code": "const state = window.testState;\nreturn cy\n  .then(() => state.onStartScenario(scenario, indexedSteps))\n  .then(() =>\n    resolveAndRunBeforeHooks.call(this, scenario.tags, state.feature.name)\n  )\n  .then(() =>\n    indexedSteps.forEach((step) =>\n      stepTest.call(this, state, step, rowData)\n    )\n  )\n  .then(() => state.onFinishScenario(scenario));",
              "err": {
                "message": "AssertionError: Timed out retrying after 4000ms: expected '<iframe>' to be 'visible'\n\nThis element `<iframe>` is not visible because it has CSS property: `visibility: hidden`",
                "estack": "AssertionError: Timed out retrying after 4000ms: expected '<iframe>' to be 'visible'\n\nThis element `<iframe>` is not visible because it has CSS property: `visibility: hidden`\n    at Context.eval (cypress/support/PageObjects/LoginPage.js:71:23)",
                "diff": null
              },
              "uuid": "323f6d87-a9a8-47ae-8cd3-f24619ec8902",
              "parentUUID": "ba31a217-b509-4e48-85ea-657a90acafbe",
              "isHook": false,
              "skipped": false
            }
          ],
          "suites": [],
          "passes": [
            "84d641d4-643f-46b7-b368-c45548d580ca"
          ],
          "failures": [
            "323f6d87-a9a8-47ae-8cd3-f24619ec8902"
          ],
          "pending": [],
          "skipped": [],
          "duration": 10330,
          "root": false,
          "rootEmpty": false,
          "_timeout": 2000
        }
      ],
      "passes": [],
      "failures": [],
      "pending": [],
      "skipped": [],
      "duration": 0,
      "root": true,
      "rootEmpty": true,
      "_timeout": 2000
    }
  ],
  "meta": {
    "mocha": {
      "version": "7.0.1"
    },
    "mochawesome": {
      "options": {
        "quiet": false,
        "reportFilename": "mochawesome",
        "saveHtml": true,
        "saveJson": true,
        "consoleReporter": "spec",
        "useInlineDiffs": false,
        "code": true
      },
      "version": "7.1.3"
    },
    "marge": {
      "options": {
        "id": "default",
        "reportDir": "cypress/reports",
        "overwrite": false,
        "html": true,
        "json": true
      },
      "version": "6.2.0"
    }
  }
}